生成启动时间为 2015/6/14 8:54:23。
     1>项目“G:\Wnddemo\c\网络课程作业\netIpData_main\netIpData_main\netIpData_main.vcxproj”在节点 2 上(rebuild 个目标)。
     1>_PrepareForClean:
         正在删除文件“Debug\netIpData_main.lastbuildstate”。
       InitializeBuildStatus:
         正在创建“Debug\netIpData_main.unsuccessfulbuild”，因为已指定“AlwaysCreate”。
       ClCompile:
         d:\Program Files (x86)\Microsoft Visual Studio 10.0\VC\bin\CL.exe /c /ZI /nologo /W3 /WX- /Od /Oy- /D WIN32 /D _DEBUG /D _CONSOLE /D _UNICODE /D UNICODE /Gm /EHsc /RTC1 /MDd /GS /fp:precise /Zc:wchar_t /Zc:forScope /Fo"Debug\\" /Fd"Debug\vc100.pdb" /Gd /TP /analyze- /errorReport:prompt main.cpp
         main.cpp
     1>g:\wnddemo\c\网络课程作业\netipdata_main\netipdata_main\main.cpp(44): warning C4244: “=”: 从“std::streamoff”转换到“int”，可能丢失数据
       ManifestResourceCompile:
         C:\Program Files (x86)\Microsoft SDKs\Windows\v7.0A\bin\rc.exe /nologo /fo"Debug\netIpData_main.exe.embed.manifest.res" Debug\netIpData_main_manifest.rc 
       Link:
         d:\Program Files (x86)\Microsoft Visual Studio 10.0\VC\bin\link.exe /ERRORREPORT:PROMPT /OUT:"G:\Wnddemo\c\网络课程作业\netIpData_main\Debug\netIpData_main.exe" /INCREMENTAL /NOLOGO kernel32.lib user32.lib gdi32.lib winspool.lib comdlg32.lib advapi32.lib shell32.lib ole32.lib oleaut32.lib uuid.lib odbc32.lib odbccp32.lib /MANIFEST /ManifestFile:"Debug\netIpData_main.exe.intermediate.manifest" /MANIFESTUAC:"level='asInvoker' uiAccess='false'" /DEBUG /PDB:"G:\Wnddemo\c\网络课程作业\netIpData_main\Debug\netIpData_main.pdb" /SUBSYSTEM:CONSOLE /TLBID:1 /DYNAMICBASE /NXCOMPAT /IMPLIB:"G:\Wnddemo\c\网络课程作业\netIpData_main\Debug\netIpData_main.lib" /MACHINE:X86 Debug\netIpData_main.exe.embed.manifest.res
         Debug\main.obj
       Manifest:
         正在删除文件“Debug\netIpData_main.exe.embed.manifest”。
         C:\Program Files (x86)\Microsoft SDKs\Windows\v7.0A\bin\mt.exe /nologo /verbose /out:"Debug\netIpData_main.exe.embed.manifest" /manifest Debug\netIpData_main.exe.intermediate.manifest
         C:\Program Files (x86)\Microsoft SDKs\Windows\v7.0A\bin\rc.exe /nologo /fo"Debug\netIpData_main.exe.embed.manifest.res" Debug\netIpData_main_manifest.rc 
       LinkEmbedManifest:
         d:\Program Files (x86)\Microsoft Visual Studio 10.0\VC\bin\link.exe /ERRORREPORT:PROMPT /OUT:"G:\Wnddemo\c\网络课程作业\netIpData_main\Debug\netIpData_main.exe" /INCREMENTAL /NOLOGO kernel32.lib user32.lib gdi32.lib winspool.lib comdlg32.lib advapi32.lib shell32.lib ole32.lib oleaut32.lib uuid.lib odbc32.lib odbccp32.lib /MANIFEST /ManifestFile:"Debug\netIpData_main.exe.intermediate.manifest" /MANIFESTUAC:"level='asInvoker' uiAccess='false'" /DEBUG /PDB:"G:\Wnddemo\c\网络课程作业\netIpData_main\Debug\netIpData_main.pdb" /SUBSYSTEM:CONSOLE /TLBID:1 /DYNAMICBASE /NXCOMPAT /IMPLIB:"G:\Wnddemo\c\网络课程作业\netIpData_main\Debug\netIpData_main.lib" /MACHINE:X86 Debug\netIpData_main.exe.embed.manifest.res
         Debug\main.obj
         netIpData_main.vcxproj -> G:\Wnddemo\c\网络课程作业\netIpData_main\Debug\netIpData_main.exe
       FinalizeBuildStatus:
         正在删除文件“Debug\netIpData_main.unsuccessfulbuild”。
         正在对“Debug\netIpData_main.lastbuildstate”执行 Touch 任务。
     1>已完成生成项目“G:\Wnddemo\c\网络课程作业\netIpData_main\netIpData_main\netIpData_main.vcxproj”(rebuild 个目标)的操作。

生成成功。

已用时间 00:00:03.41
