G:\WNDDEMO\C\网络课程作业\NETIPDATA_MAIN\DEBUG\NETIPDATA_MAIN.EXE
G:\WNDDEMO\C\网络课程作业\NETIPDATA_MAIN\DEBUG\NETIPDATA_MAIN.ILK
G:\WNDDEMO\C\网络课程作业\NETIPDATA_MAIN\DEBUG\NETIPDATA_MAIN.PDB
G:\Wnddemo\c\网络课程作业\netIpData_main\netIpData_main\Debug\cl.command.1.tlog
G:\Wnddemo\c\网络课程作业\netIpData_main\netIpData_main\Debug\CL.read.1.tlog
G:\Wnddemo\c\网络课程作业\netIpData_main\netIpData_main\Debug\CL.write.1.tlog
G:\Wnddemo\c\网络课程作业\netIpData_main\netIpData_main\Debug\link.12036.read.1.tlog
G:\Wnddemo\c\网络课程作业\netIpData_main\netIpData_main\Debug\link.12036.write.1.tlog
G:\Wnddemo\c\网络课程作业\netIpData_main\netIpData_main\Debug\link.12036-cvtres.read.1.tlog
G:\Wnddemo\c\网络课程作业\netIpData_main\netIpData_main\Debug\link.12036-cvtres.write.1.tlog
G:\Wnddemo\c\网络课程作业\netIpData_main\netIpData_main\Debug\link.5980.read.1.tlog
G:\Wnddemo\c\网络课程作业\netIpData_main\netIpData_main\Debug\link.5980.write.1.tlog
G:\Wnddemo\c\网络课程作业\netIpData_main\netIpData_main\Debug\link.5980-cvtres.read.1.tlog
G:\Wnddemo\c\网络课程作业\netIpData_main\netIpData_main\Debug\link.5980-cvtres.write.1.tlog
G:\Wnddemo\c\网络课程作业\netIpData_main\netIpData_main\Debug\link.command.1.tlog
G:\Wnddemo\c\网络课程作业\netIpData_main\netIpData_main\Debug\link.read.1.tlog
G:\Wnddemo\c\网络课程作业\netIpData_main\netIpData_main\Debug\link.write.1.tlog
G:\Wnddemo\c\网络课程作业\netIpData_main\netIpData_main\Debug\link-cvtres.read.1.tlog
G:\Wnddemo\c\网络课程作业\netIpData_main\netIpData_main\Debug\link-cvtres.write.1.tlog
G:\WNDDEMO\C\网络课程作业\NETIPDATA_MAIN\NETIPDATA_MAIN\DEBUG\MAIN.OBJ
G:\Wnddemo\c\网络课程作业\netIpData_main\netIpData_main\Debug\mt.command.1.tlog
G:\Wnddemo\c\网络课程作业\netIpData_main\netIpData_main\Debug\mt.read.1.tlog
G:\Wnddemo\c\网络课程作业\netIpData_main\netIpData_main\Debug\mt.write.1.tlog
G:\WNDDEMO\C\网络课程作业\NETIPDATA_MAIN\NETIPDATA_MAIN\DEBUG\NETIPDATA_MAIN.EXE.EMBED.MANIFEST
G:\WNDDEMO\C\网络课程作业\NETIPDATA_MAIN\NETIPDATA_MAIN\DEBUG\NETIPDATA_MAIN.EXE.EMBED.MANIFEST.RES
G:\WNDDEMO\C\网络课程作业\NETIPDATA_MAIN\NETIPDATA_MAIN\DEBUG\NETIPDATA_MAIN.EXE.INTERMEDIATE.MANIFEST
G:\Wnddemo\c\网络课程作业\netIpData_main\netIpData_main\Debug\netIpData_main.vcxprojResolveAssemblyReference.cache
G:\Wnddemo\c\网络课程作业\netIpData_main\netIpData_main\Debug\netIpData_main.write.1.tlog
G:\Wnddemo\c\网络课程作业\netIpData_main\netIpData_main\Debug\netIpData_main_manifest.rc
G:\Wnddemo\c\网络课程作业\netIpData_main\netIpData_main\Debug\rc.command.1.tlog
G:\Wnddemo\c\网络课程作业\netIpData_main\netIpData_main\Debug\rc.read.1.tlog
G:\Wnddemo\c\网络课程作业\netIpData_main\netIpData_main\Debug\rc.write.1.tlog
G:\Wnddemo\c\网络课程作业\netIpData_main\netIpData_main\Debug\vc100.idb
G:\WNDDEMO\C\网络课程作业\NETIPDATA_MAIN\NETIPDATA_MAIN\DEBUG\VC100.PDB
