生成启动时间为 2015/9/28 19:21:51。
     1>项目“G:\Wnddemo\c\c练习\Bitsorttree\bitsorttree\bitsorttree\bitsorttree.vcxproj”在节点 2 上(build 个目标)。
     1>InitializeBuildStatus:
         正在创建“Debug\bitsorttree.unsuccessfulbuild”，因为已指定“AlwaysCreate”。
       ClCompile:
         d:\Program Files (x86)\Microsoft Visual Studio 10.0\VC\bin\CL.exe /c /ZI /nologo /W3 /WX- /Od /Oy- /D WIN32 /D _DEBUG /D _CONSOLE /D _UNICODE /D UNICODE /Gm /EHsc /RTC1 /MDd /GS /fp:precise /Zc:wchar_t /Zc:forScope /Fo"Debug\\" /Fd"Debug\vc100.pdb" /Gd /TC /analyze- /errorReport:prompt main.c
         main.c
       ManifestResourceCompile:
         所有输出均为最新。
       Link:
         d:\Program Files (x86)\Microsoft Visual Studio 10.0\VC\bin\link.exe /ERRORREPORT:PROMPT /OUT:"G:\Wnddemo\c\c练习\Bitsorttree\bitsorttree\Debug\bitsorttree.exe" /INCREMENTAL /NOLOGO kernel32.lib user32.lib gdi32.lib winspool.lib comdlg32.lib advapi32.lib shell32.lib ole32.lib oleaut32.lib uuid.lib odbc32.lib odbccp32.lib /MANIFEST /ManifestFile:"Debug\bitsorttree.exe.intermediate.manifest" /MANIFESTUAC:"level='asInvoker' uiAccess='false'" /DEBUG /PDB:"G:\Wnddemo\c\c练习\Bitsorttree\bitsorttree\Debug\bitsorttree.pdb" /SUBSYSTEM:CONSOLE /TLBID:1 /DYNAMICBASE /NXCOMPAT /IMPLIB:"G:\Wnddemo\c\c练习\Bitsorttree\bitsorttree\Debug\bitsorttree.lib" /MACHINE:X86 Debug\bitsorttree.exe.embed.manifest.res
         Debug\main.obj
       Manifest:
         C:\Program Files (x86)\Microsoft SDKs\Windows\v7.0A\bin\mt.exe /nologo /verbose /out:"Debug\bitsorttree.exe.embed.manifest" /manifest Debug\bitsorttree.exe.intermediate.manifest
         所有输出均为最新。
       LinkEmbedManifest:
         所有输出均为最新。
         bitsorttree.vcxproj -> G:\Wnddemo\c\c练习\Bitsorttree\bitsorttree\Debug\bitsorttree.exe
       FinalizeBuildStatus:
         正在删除文件“Debug\bitsorttree.unsuccessfulbuild”。
         正在对“Debug\bitsorttree.lastbuildstate”执行 Touch 任务。
     1>已完成生成项目“G:\Wnddemo\c\c练习\Bitsorttree\bitsorttree\bitsorttree\bitsorttree.vcxproj”(build 个目标)的操作。

生成成功。

已用时间 00:00:02.62
