G:\WNDDEMO\C\C练习\BITSORTTREE\BITSORTTREE\BITSORTTREE\DEBUG\BITSORTTREE.EXE.EMBED.MANIFEST
G:\WNDDEMO\C\C练习\BITSORTTREE\BITSORTTREE\BITSORTTREE\DEBUG\BITSORTTREE.EXE.EMBED.MANIFEST.RES
G:\WNDDEMO\C\C练习\BITSORTTREE\BITSORTTREE\BITSORTTREE\DEBUG\BITSORTTREE.EXE.INTERMEDIATE.MANIFEST
G:\Wnddemo\c\c练习\Bitsorttree\bitsorttree\bitsorttree\Debug\bitsorttree.write.1.tlog
G:\Wnddemo\c\c练习\Bitsorttree\bitsorttree\bitsorttree\Debug\bitsorttree_manifest.rc
G:\Wnddemo\c\c练习\Bitsorttree\bitsorttree\bitsorttree\Debug\cl.command.1.tlog
G:\Wnddemo\c\c练习\Bitsorttree\bitsorttree\bitsorttree\Debug\CL.read.1.tlog
G:\Wnddemo\c\c练习\Bitsorttree\bitsorttree\bitsorttree\Debug\CL.write.1.tlog
G:\Wnddemo\c\c练习\Bitsorttree\bitsorttree\bitsorttree\Debug\link.3644.read.1.tlog
G:\Wnddemo\c\c练习\Bitsorttree\bitsorttree\bitsorttree\Debug\link.3644.write.1.tlog
G:\Wnddemo\c\c练习\Bitsorttree\bitsorttree\bitsorttree\Debug\link.3644-cvtres.read.1.tlog
G:\Wnddemo\c\c练习\Bitsorttree\bitsorttree\bitsorttree\Debug\link.3644-cvtres.write.1.tlog
G:\Wnddemo\c\c练习\Bitsorttree\bitsorttree\bitsorttree\Debug\link.command.1.tlog
G:\Wnddemo\c\c练习\Bitsorttree\bitsorttree\bitsorttree\Debug\link.read.1.tlog
G:\Wnddemo\c\c练习\Bitsorttree\bitsorttree\bitsorttree\Debug\link.write.1.tlog
G:\Wnddemo\c\c练习\Bitsorttree\bitsorttree\bitsorttree\Debug\link-cvtres.read.1.tlog
G:\Wnddemo\c\c练习\Bitsorttree\bitsorttree\bitsorttree\Debug\link-cvtres.write.1.tlog
G:\WNDDEMO\C\C练习\BITSORTTREE\BITSORTTREE\BITSORTTREE\DEBUG\MAIN.OBJ
G:\Wnddemo\c\c练习\Bitsorttree\bitsorttree\bitsorttree\Debug\mt.command.1.tlog
G:\Wnddemo\c\c练习\Bitsorttree\bitsorttree\bitsorttree\Debug\mt.read.1.tlog
G:\Wnddemo\c\c练习\Bitsorttree\bitsorttree\bitsorttree\Debug\mt.write.1.tlog
G:\Wnddemo\c\c练习\Bitsorttree\bitsorttree\bitsorttree\Debug\rc.command.1.tlog
G:\Wnddemo\c\c练习\Bitsorttree\bitsorttree\bitsorttree\Debug\rc.read.1.tlog
G:\Wnddemo\c\c练习\Bitsorttree\bitsorttree\bitsorttree\Debug\rc.write.1.tlog
G:\Wnddemo\c\c练习\Bitsorttree\bitsorttree\bitsorttree\Debug\vc100.idb
G:\WNDDEMO\C\C练习\BITSORTTREE\BITSORTTREE\BITSORTTREE\DEBUG\VC100.PDB
G:\WNDDEMO\C\C练习\BITSORTTREE\BITSORTTREE\DEBUG\BITSORTTREE.EXE
G:\WNDDEMO\C\C练习\BITSORTTREE\BITSORTTREE\DEBUG\BITSORTTREE.ILK
G:\WNDDEMO\C\C练习\BITSORTTREE\BITSORTTREE\DEBUG\BITSORTTREE.PDB
