生成启动时间为 2015/9/27 21:29:26。
     1>项目“G:\Wnddemo\c\c练习\treemap\treecreate\treecreate\treecreate.vcxproj”在节点 2 上(build 个目标)。
     1>InitializeBuildStatus:
         正在对“Debug\treecreate.unsuccessfulbuild”执行 Touch 任务。
       ClCompile:
         d:\Program Files (x86)\Microsoft Visual Studio 10.0\VC\bin\CL.exe /c /ZI /nologo /W3 /WX- /Od /Oy- /D WIN32 /D _DEBUG /D _CONSOLE /D _UNICODE /D UNICODE /Gm /EHsc /RTC1 /MDd /GS /fp:precise /Zc:wchar_t /Zc:forScope /Fo"Debug\\" /Fd"Debug\vc100.pdb" /Gd /TC /analyze- /errorReport:prompt main.c
         main.c
     1>g:\wnddemo\c\c练习\treemap\treecreate\treecreate\tree.h(259): warning C4101: “j”: 未引用的局部变量
       ManifestResourceCompile:
         所有输出均为最新。
       Link:
         d:\Program Files (x86)\Microsoft Visual Studio 10.0\VC\bin\link.exe /ERRORREPORT:PROMPT /OUT:"G:\Wnddemo\c\c练习\treemap\treecreate\Debug\treecreate.exe" /INCREMENTAL /NOLOGO kernel32.lib user32.lib gdi32.lib winspool.lib comdlg32.lib advapi32.lib shell32.lib ole32.lib oleaut32.lib uuid.lib odbc32.lib odbccp32.lib /MANIFEST /ManifestFile:"Debug\treecreate.exe.intermediate.manifest" /MANIFESTUAC:"level='asInvoker' uiAccess='false'" /DEBUG /PDB:"G:\Wnddemo\c\c练习\treemap\treecreate\Debug\treecreate.pdb" /SUBSYSTEM:CONSOLE /TLBID:1 /DYNAMICBASE /NXCOMPAT /IMPLIB:"G:\Wnddemo\c\c练习\treemap\treecreate\Debug\treecreate.lib" /MACHINE:X86 Debug\treecreate.exe.embed.manifest.res
         Debug\main.obj
       Manifest:
         C:\Program Files (x86)\Microsoft SDKs\Windows\v7.0A\bin\mt.exe /nologo /verbose /out:"Debug\treecreate.exe.embed.manifest" /manifest Debug\treecreate.exe.intermediate.manifest
         所有输出均为最新。
       LinkEmbedManifest:
         所有输出均为最新。
         treecreate.vcxproj -> G:\Wnddemo\c\c练习\treemap\treecreate\Debug\treecreate.exe
       FinalizeBuildStatus:
         正在删除文件“Debug\treecreate.unsuccessfulbuild”。
         正在对“Debug\treecreate.lastbuildstate”执行 Touch 任务。
     1>已完成生成项目“G:\Wnddemo\c\c练习\treemap\treecreate\treecreate\treecreate.vcxproj”(build 个目标)的操作。

生成成功。

已用时间 00:00:01.71
