G:\WNDDEMO\C\指针\JW.POINTER.APPDEMO\DEBUG\JW.POINTER.APPDEMO.EXE
G:\WNDDEMO\C\指针\JW.POINTER.APPDEMO\DEBUG\JW.POINTER.APPDEMO.ILK
G:\WNDDEMO\C\指针\JW.POINTER.APPDEMO\DEBUG\JW.POINTER.APPDEMO.PDB
G:\WNDDEMO\C\指针\JW.POINTER.APPDEMO\JW.POINTER.APPDEMO\DEBUG\_MAIN.OBJ
G:\Wnddemo\c\指针\Jw.pointer.appdemo\Jw.pointer.appdemo\Debug\cl.command.1.tlog
G:\Wnddemo\c\指针\Jw.pointer.appdemo\Jw.pointer.appdemo\Debug\CL.read.1.tlog
G:\Wnddemo\c\指针\Jw.pointer.appdemo\Jw.pointer.appdemo\Debug\CL.write.1.tlog
G:\WNDDEMO\C\指针\JW.POINTER.APPDEMO\JW.POINTER.APPDEMO\DEBUG\JW.POINTER.APPDEMO.EXE.EMBED.MANIFEST
G:\WNDDEMO\C\指针\JW.POINTER.APPDEMO\JW.POINTER.APPDEMO\DEBUG\JW.POINTER.APPDEMO.EXE.EMBED.MANIFEST.RES
G:\WNDDEMO\C\指针\JW.POINTER.APPDEMO\JW.POINTER.APPDEMO\DEBUG\JW.POINTER.APPDEMO.EXE.INTERMEDIATE.MANIFEST
G:\Wnddemo\c\指针\Jw.pointer.appdemo\Jw.pointer.appdemo\Debug\Jw.pointer.appdemo.vcxprojResolveAssemblyReference.cache
G:\Wnddemo\c\指针\Jw.pointer.appdemo\Jw.pointer.appdemo\Debug\Jw.pointer.appdemo.write.1.tlog
G:\Wnddemo\c\指针\Jw.pointer.appdemo\Jw.pointer.appdemo\Debug\Jw.pointer.appdemo_manifest.rc
G:\Wnddemo\c\指针\Jw.pointer.appdemo\Jw.pointer.appdemo\Debug\link.1404.read.1.tlog
G:\Wnddemo\c\指针\Jw.pointer.appdemo\Jw.pointer.appdemo\Debug\link.1404.write.1.tlog
G:\Wnddemo\c\指针\Jw.pointer.appdemo\Jw.pointer.appdemo\Debug\link.1404-cvtres.read.1.tlog
G:\Wnddemo\c\指针\Jw.pointer.appdemo\Jw.pointer.appdemo\Debug\link.1404-cvtres.write.1.tlog
G:\Wnddemo\c\指针\Jw.pointer.appdemo\Jw.pointer.appdemo\Debug\link.5188.read.1.tlog
G:\Wnddemo\c\指针\Jw.pointer.appdemo\Jw.pointer.appdemo\Debug\link.5188.write.1.tlog
G:\Wnddemo\c\指针\Jw.pointer.appdemo\Jw.pointer.appdemo\Debug\link.5188-cvtres.read.1.tlog
G:\Wnddemo\c\指针\Jw.pointer.appdemo\Jw.pointer.appdemo\Debug\link.5188-cvtres.write.1.tlog
G:\Wnddemo\c\指针\Jw.pointer.appdemo\Jw.pointer.appdemo\Debug\link.6924.read.1.tlog
G:\Wnddemo\c\指针\Jw.pointer.appdemo\Jw.pointer.appdemo\Debug\link.6924.write.1.tlog
G:\Wnddemo\c\指针\Jw.pointer.appdemo\Jw.pointer.appdemo\Debug\link.6924-cvtres.read.1.tlog
G:\Wnddemo\c\指针\Jw.pointer.appdemo\Jw.pointer.appdemo\Debug\link.6924-cvtres.write.1.tlog
G:\Wnddemo\c\指针\Jw.pointer.appdemo\Jw.pointer.appdemo\Debug\link.command.1.tlog
G:\Wnddemo\c\指针\Jw.pointer.appdemo\Jw.pointer.appdemo\Debug\link.read.1.tlog
G:\Wnddemo\c\指针\Jw.pointer.appdemo\Jw.pointer.appdemo\Debug\link.write.1.tlog
G:\Wnddemo\c\指针\Jw.pointer.appdemo\Jw.pointer.appdemo\Debug\link-cvtres.read.1.tlog
G:\Wnddemo\c\指针\Jw.pointer.appdemo\Jw.pointer.appdemo\Debug\link-cvtres.write.1.tlog
G:\Wnddemo\c\指针\Jw.pointer.appdemo\Jw.pointer.appdemo\Debug\mt.command.1.tlog
G:\Wnddemo\c\指针\Jw.pointer.appdemo\Jw.pointer.appdemo\Debug\mt.read.1.tlog
G:\Wnddemo\c\指针\Jw.pointer.appdemo\Jw.pointer.appdemo\Debug\mt.write.1.tlog
G:\Wnddemo\c\指针\Jw.pointer.appdemo\Jw.pointer.appdemo\Debug\rc.command.1.tlog
G:\Wnddemo\c\指针\Jw.pointer.appdemo\Jw.pointer.appdemo\Debug\rc.read.1.tlog
G:\Wnddemo\c\指针\Jw.pointer.appdemo\Jw.pointer.appdemo\Debug\rc.write.1.tlog
G:\Wnddemo\c\指针\Jw.pointer.appdemo\Jw.pointer.appdemo\Debug\vc100.idb
G:\WNDDEMO\C\指针\JW.POINTER.APPDEMO\JW.POINTER.APPDEMO\DEBUG\VC100.PDB
