生成启动时间为 2015/9/13 16:32:50。
     1>项目“G:\Wnddemo\c\指针\Jw.pointer.appdemo\Jw.pointer.appdemo\Jw.pointer.appdemo.vcxproj”在节点 2 上(build 个目标)。
     1>InitializeBuildStatus:
         正在创建“Debug\Jw.pointer.appdemo.unsuccessfulbuild”，因为已指定“AlwaysCreate”。
       ClCompile:
         d:\Program Files (x86)\Microsoft Visual Studio 10.0\VC\bin\CL.exe /c /ZI /nologo /W3 /WX- /Od /Oy- /D WIN32 /D _DEBUG /D _CONSOLE /D _UNICODE /D UNICODE /Gm /EHsc /RTC1 /MDd /GS /fp:precise /Zc:wchar_t /Zc:forScope /Fo"Debug\\" /Fd"Debug\vc100.pdb" /Gd /TC /analyze- /errorReport:prompt _main.c
         _main.c
     1>g:\wnddemo\c\指针\jw.pointer.appdemo\jw.pointer.appdemo\os_jw_list.h(367): warning C4101: “q”: 未引用的局部变量
       ManifestResourceCompile:
         所有输出均为最新。
       Link:
         d:\Program Files (x86)\Microsoft Visual Studio 10.0\VC\bin\link.exe /ERRORREPORT:PROMPT /OUT:"G:\Wnddemo\c\指针\Jw.pointer.appdemo\Debug\Jw.pointer.appdemo.exe" /INCREMENTAL /NOLOGO kernel32.lib user32.lib gdi32.lib winspool.lib comdlg32.lib advapi32.lib shell32.lib ole32.lib oleaut32.lib uuid.lib odbc32.lib odbccp32.lib /MANIFEST /ManifestFile:"Debug\Jw.pointer.appdemo.exe.intermediate.manifest" /MANIFESTUAC:"level='asInvoker' uiAccess='false'" /DEBUG /PDB:"G:\Wnddemo\c\指针\Jw.pointer.appdemo\Debug\Jw.pointer.appdemo.pdb" /SUBSYSTEM:CONSOLE /TLBID:1 /DYNAMICBASE /NXCOMPAT /IMPLIB:"G:\Wnddemo\c\指针\Jw.pointer.appdemo\Debug\Jw.pointer.appdemo.lib" /MACHINE:X86 Debug\Jw.pointer.appdemo.exe.embed.manifest.res
         Debug\_main.obj
       Manifest:
         C:\Program Files (x86)\Microsoft SDKs\Windows\v7.0A\bin\mt.exe /nologo /verbose /out:"Debug\Jw.pointer.appdemo.exe.embed.manifest" /manifest Debug\Jw.pointer.appdemo.exe.intermediate.manifest
         所有输出均为最新。
       LinkEmbedManifest:
         所有输出均为最新。
         Jw.pointer.appdemo.vcxproj -> G:\Wnddemo\c\指针\Jw.pointer.appdemo\Debug\Jw.pointer.appdemo.exe
       FinalizeBuildStatus:
         正在删除文件“Debug\Jw.pointer.appdemo.unsuccessfulbuild”。
         正在对“Debug\Jw.pointer.appdemo.lastbuildstate”执行 Touch 任务。
     1>已完成生成项目“G:\Wnddemo\c\指针\Jw.pointer.appdemo\Jw.pointer.appdemo\Jw.pointer.appdemo.vcxproj”(build 个目标)的操作。

生成成功。

已用时间 00:00:01.15
