生成启动时间为 2015/6/16 11:39:13。
     1>项目“G:\Wnddemo\c\demo3\demomain\demomain\demomain.vcxproj”在节点 2 上(build 个目标)。
     1>InitializeBuildStatus:
         正在创建“Release\demomain.unsuccessfulbuild”，因为已指定“AlwaysCreate”。
       ClCompile:
         d:\Program Files (x86)\Microsoft Visual Studio 10.0\VC\bin\CL.exe /c /Zi /nologo /W3 /WX- /O2 /Oi /Oy- /GL /D WIN32 /D NDEBUG /D _CONSOLE /D _UNICODE /D UNICODE /Gm- /EHsc /MD /GS /Gy /fp:precise /Zc:wchar_t /Zc:forScope /Fo"Release\\" /Fd"Release\vc100.pdb" /Gd /TC /analyze- /errorReport:prompt main1.c
         main1.c
     1>main1.c(11): warning C4996: 'scanf': This function or variable may be unsafe. Consider using scanf_s instead. To disable deprecation, use _CRT_SECURE_NO_WARNINGS. See online help for details.
                 d:\Program Files (x86)\Microsoft Visual Studio 10.0\VC\include\stdio.h(304) : 参见“scanf”的声明
       Link:
         d:\Program Files (x86)\Microsoft Visual Studio 10.0\VC\bin\link.exe /ERRORREPORT:PROMPT /OUT:"G:\Wnddemo\c\demo3\demomain\Release\demomain.exe" /INCREMENTAL:NO /NOLOGO kernel32.lib user32.lib gdi32.lib winspool.lib comdlg32.lib advapi32.lib shell32.lib ole32.lib oleaut32.lib uuid.lib odbc32.lib odbccp32.lib /MANIFEST /ManifestFile:"Release\demomain.exe.intermediate.manifest" /MANIFESTUAC:"level='asInvoker' uiAccess='false'" /DEBUG /PDB:"G:\Wnddemo\c\demo3\demomain\Release\demomain.pdb" /SUBSYSTEM:CONSOLE /OPT:REF /OPT:ICF /LTCG /TLBID:1 /DYNAMICBASE /NXCOMPAT /IMPLIB:"G:\Wnddemo\c\demo3\demomain\Release\demomain.lib" /MACHINE:X86 Release\main1.obj
         正在生成代码
         已完成代码的生成
         demomain.vcxproj -> G:\Wnddemo\c\demo3\demomain\Release\demomain.exe
       Manifest:
         C:\Program Files (x86)\Microsoft SDKs\Windows\v7.0A\bin\mt.exe /nologo /verbose /outputresource:"G:\Wnddemo\c\demo3\demomain\Release\demomain.exe;#1" /manifest Release\demomain.exe.intermediate.manifest
       FinalizeBuildStatus:
         正在删除文件“Release\demomain.unsuccessfulbuild”。
         正在对“Release\demomain.lastbuildstate”执行 Touch 任务。
     1>已完成生成项目“G:\Wnddemo\c\demo3\demomain\demomain\demomain.vcxproj”(build 个目标)的操作。

生成成功。

已用时间 00:00:00.56
