生成启动时间为 2015/9/15 15:28:39。
     1>项目“G:\Wnddemo\c\String\JW_String_App\JW_String_App\JW_String_App.vcxproj”在节点 2 上(build 个目标)。
     1>InitializeBuildStatus:
         正在创建“Debug\JW_String_App.unsuccessfulbuild”，因为已指定“AlwaysCreate”。
       ClCompile:
         d:\Program Files (x86)\Microsoft Visual Studio 10.0\VC\bin\CL.exe /c /ZI /nologo /W3 /WX- /Od /Oy- /D WIN32 /D _DEBUG /D _CONSOLE /D _UNICODE /D UNICODE /Gm /EHsc /RTC1 /MDd /GS /fp:precise /Zc:wchar_t /Zc:forScope /Fo"Debug\\" /Fd"Debug\vc100.pdb" /Gd /TC /analyze- /errorReport:prompt _main.c
         _main.c
     1>g:\wnddemo\c\string\jw_string_app\jw_string_app\_main.c(21): warning C4047: “函数”:“Pzstring”与“Pzstring [10]”的间接级别不同
     1>g:\wnddemo\c\string\jw_string_app\jw_string_app\_main.c(21): warning C4024: “StrAssign”: 形参和实参 1 的类型不同
     1>g:\wnddemo\c\string\jw_string_app\jw_string_app\_main.c(21): warning C4133: “函数”: 从“char [4]”到“Pzstring”的类型不兼容
     1>g:\wnddemo\c\string\jw_string_app\jw_string_app\_main.c(23): warning C4047: “函数”:“Pzstring”与“Pzstring [10]”的间接级别不同
     1>g:\wnddemo\c\string\jw_string_app\jw_string_app\_main.c(23): warning C4024: “strcompare”: 形参和实参 1 的类型不同
     1>g:\wnddemo\c\string\jw_string_app\jw_string_app\_main.c(23): warning C4133: “函数”: 从“char [4]”到“Pzstring”的类型不兼容
     1>g:\wnddemo\c\string\jw_string_app\jw_string_app\_main.c(25): warning C4013: “getch”未定义；假设外部返回 int
       ManifestResourceCompile:
         所有输出均为最新。
       Link:
         d:\Program Files (x86)\Microsoft Visual Studio 10.0\VC\bin\link.exe /ERRORREPORT:PROMPT /OUT:"G:\Wnddemo\c\String\JW_String_App\Debug\JW_String_App.exe" /INCREMENTAL /NOLOGO kernel32.lib user32.lib gdi32.lib winspool.lib comdlg32.lib advapi32.lib shell32.lib ole32.lib oleaut32.lib uuid.lib odbc32.lib odbccp32.lib /MANIFEST /ManifestFile:"Debug\JW_String_App.exe.intermediate.manifest" /MANIFESTUAC:"level='asInvoker' uiAccess='false'" /DEBUG /PDB:"G:\Wnddemo\c\String\JW_String_App\Debug\JW_String_App.pdb" /SUBSYSTEM:CONSOLE /TLBID:1 /DYNAMICBASE /NXCOMPAT /IMPLIB:"G:\Wnddemo\c\String\JW_String_App\Debug\JW_String_App.lib" /MACHINE:X86 Debug\JW_String_App.exe.embed.manifest.res
         Debug\_main.obj
       Manifest:
         C:\Program Files (x86)\Microsoft SDKs\Windows\v7.0A\bin\mt.exe /nologo /verbose /out:"Debug\JW_String_App.exe.embed.manifest" /manifest Debug\JW_String_App.exe.intermediate.manifest
         所有输出均为最新。
       LinkEmbedManifest:
         所有输出均为最新。
         JW_String_App.vcxproj -> G:\Wnddemo\c\String\JW_String_App\Debug\JW_String_App.exe
       FinalizeBuildStatus:
         正在删除文件“Debug\JW_String_App.unsuccessfulbuild”。
         正在对“Debug\JW_String_App.lastbuildstate”执行 Touch 任务。
     1>已完成生成项目“G:\Wnddemo\c\String\JW_String_App\JW_String_App\JW_String_App.vcxproj”(build 个目标)的操作。

生成成功。

已用时间 00:00:03.50
