G:\WNDDEMO\C\DEMO1\MAIN\DEBUG\MAIN.EXE
G:\WNDDEMO\C\DEMO1\MAIN\DEBUG\MAIN.ILK
G:\WNDDEMO\C\DEMO1\MAIN\DEBUG\MAIN.PDB
G:\Wnddemo\c\demo1\main\main\Debug\cl.command.1.tlog
G:\Wnddemo\c\demo1\main\main\Debug\CL.read.1.tlog
G:\Wnddemo\c\demo1\main\main\Debug\CL.write.1.tlog
G:\Wnddemo\c\demo1\main\main\Debug\link.11048.read.1.tlog
G:\Wnddemo\c\demo1\main\main\Debug\link.11048.write.1.tlog
G:\Wnddemo\c\demo1\main\main\Debug\link.11048-cvtres.read.1.tlog
G:\Wnddemo\c\demo1\main\main\Debug\link.11048-cvtres.write.1.tlog
G:\Wnddemo\c\demo1\main\main\Debug\link.21104.read.1.tlog
G:\Wnddemo\c\demo1\main\main\Debug\link.21104.write.1.tlog
G:\Wnddemo\c\demo1\main\main\Debug\link.21104-cvtres.read.1.tlog
G:\Wnddemo\c\demo1\main\main\Debug\link.21104-cvtres.write.1.tlog
G:\Wnddemo\c\demo1\main\main\Debug\link.21568.read.1.tlog
G:\Wnddemo\c\demo1\main\main\Debug\link.21568.write.1.tlog
G:\Wnddemo\c\demo1\main\main\Debug\link.21568-cvtres.read.1.tlog
G:\Wnddemo\c\demo1\main\main\Debug\link.21568-cvtres.write.1.tlog
G:\Wnddemo\c\demo1\main\main\Debug\link.22972.read.1.tlog
G:\Wnddemo\c\demo1\main\main\Debug\link.22972.write.1.tlog
G:\Wnddemo\c\demo1\main\main\Debug\link.22972-cvtres.read.1.tlog
G:\Wnddemo\c\demo1\main\main\Debug\link.22972-cvtres.write.1.tlog
G:\Wnddemo\c\demo1\main\main\Debug\link.command.1.tlog
G:\Wnddemo\c\demo1\main\main\Debug\link.read.1.tlog
G:\Wnddemo\c\demo1\main\main\Debug\link.write.1.tlog
G:\Wnddemo\c\demo1\main\main\Debug\link-cvtres.read.1.tlog
G:\Wnddemo\c\demo1\main\main\Debug\link-cvtres.write.1.tlog
G:\WNDDEMO\C\DEMO1\MAIN\MAIN\DEBUG\MAIN.EXE.EMBED.MANIFEST
G:\WNDDEMO\C\DEMO1\MAIN\MAIN\DEBUG\MAIN.EXE.EMBED.MANIFEST.RES
G:\WNDDEMO\C\DEMO1\MAIN\MAIN\DEBUG\MAIN.EXE.INTERMEDIATE.MANIFEST
G:\Wnddemo\c\demo1\main\main\Debug\main.vcxprojResolveAssemblyReference.cache
G:\Wnddemo\c\demo1\main\main\Debug\main.write.1.tlog
G:\Wnddemo\c\demo1\main\main\Debug\main_manifest.rc
G:\Wnddemo\c\demo1\main\main\Debug\mt.command.1.tlog
G:\Wnddemo\c\demo1\main\main\Debug\mt.read.1.tlog
G:\Wnddemo\c\demo1\main\main\Debug\mt.write.1.tlog
G:\Wnddemo\c\demo1\main\main\Debug\rc.command.1.tlog
G:\Wnddemo\c\demo1\main\main\Debug\rc.read.1.tlog
G:\Wnddemo\c\demo1\main\main\Debug\rc.write.1.tlog
G:\WNDDEMO\C\DEMO1\MAIN\MAIN\DEBUG\TEST.OBJ
G:\Wnddemo\c\demo1\main\main\Debug\vc100.idb
G:\WNDDEMO\C\DEMO1\MAIN\MAIN\DEBUG\VC100.PDB
